<?xml version="1.0" encoding="UTF-8"?>
<!-- Generated by org.testng.reporters.JUnitReportReporter -->
<testsuite hostname="DESKTOP-U1KVMHE" failures="0" tests="1" name="com.Xpath.GmailLogInTest" time="0.483" errors="0" timestamp="2023-10-28T17:56:56 IST" skipped="0">
  <testcase classname="com.Xpath.GmailLogInTest" name="gmailLogInTest" time="0.483"/>
  <system-out/>
</testsuite> <!-- com.Xpath.GmailLogInTest -->
