<?xml version="1.0" encoding="UTF-8"?>
<!-- Generated by org.testng.reporters.JUnitReportReporter -->
<testsuite hostname="DESKTOP-U1KVMHE" failures="0" tests="1" name="BasicPrograms.Sample" time="0.015" errors="0" timestamp="2023-11-06T18:34:26 IST" skipped="0">
  <testcase classname="BasicPrograms.Sample" name="sample" time="0.015"/>
  <system-out/>
</testsuite> <!-- BasicPrograms.Sample -->
