<?xml version="1.0" encoding="UTF-8"?>
<!-- Generated by org.testng.reporters.JUnitReportReporter -->
<testsuite hostname="DESKTOP-U1KVMHE" failures="0" tests="1" name="com.Autoit.AutomationTesting" time="8.599" errors="0" timestamp="2023-11-23T17:33:36 IST" skipped="0">
  <testcase classname="com.Autoit.AutomationTesting" name="Automation" time="8.599"/>
  <system-out/>
</testsuite> <!-- com.Autoit.AutomationTesting -->
