<?xml version="1.0" encoding="UTF-8"?>
<!-- Generated by org.testng.reporters.JUnitReportReporter -->
<testsuite hostname="DESKTOP-U1KVMHE" failures="0" tests="1" name="com.Dropdown.BaseTest" time="2.712" errors="0" timestamp="2023-11-13T11:18:37 IST" skipped="0">
  <testcase classname="com.Dropdown.BaseTest" name="DropDownTesting" time="2.712"/>
  <system-out/>
</testsuite> <!-- com.Dropdown.BaseTest -->
