<?xml version="1.0" encoding="UTF-8"?>
<!-- Generated by org.testng.reporters.JUnitReportReporter -->
<testsuite hostname="DESKTOP-U1KVMHE" failures="0" tests="1" name="com.Xpath.FacebookLogInTest" time="0.374" errors="0" timestamp="2023-10-28T16:46:16 IST" skipped="0">
  <testcase classname="com.Xpath.FacebookLogInTest" name="facebooklogInTest" time="0.374"/>
  <system-out/>
</testsuite> <!-- com.Xpath.FacebookLogInTest -->
