<?xml version="1.0" encoding="UTF-8"?>
<!-- Generated by org.testng.reporters.JUnitReportReporter -->
<testsuite hostname="DESKTOP-U1KVMHE" failures="0" tests="1" name="com.Alert2.Tsrtc_HandlingAlert" time="4.243" errors="0" timestamp="2023-11-15T20:58:54 IST" skipped="0">
  <testcase classname="com.Alert2.Tsrtc_HandlingAlert" name="HandlingAlert" time="4.243"/>
  <system-out/>
</testsuite> <!-- com.Alert2.Tsrtc_HandlingAlert -->
