<?xml version="1.0" encoding="UTF-8"?>
<!-- Generated by org.testng.reporters.JUnitReportReporter -->
<testsuite hostname="DESKTOP-U1KVMHE" failures="0" tests="1" name="com.WebTable2.WebTable_CapturingFirstColumnCityNames" time="1.477" errors="0" timestamp="2023-11-10T11:58:09 IST" skipped="0">
  <testcase classname="com.WebTable2.WebTable_CapturingFirstColumnCityNames" name="CapturingFirstColumnCityNames" time="1.477"/>
  <system-out/>
</testsuite> <!-- com.WebTable2.WebTable_CapturingFirstColumnCityNames -->
