<?xml version="1.0" encoding="UTF-8"?>
<!-- Generated by org.testng.reporters.JUnitReportReporter -->
<testsuite hostname="DESKTOP-U1KVMHE" failures="0" tests="1" name="com.AddEmployeePhoto.AddEmployeePhoto" time="16.819" errors="0" timestamp="2023-11-23T15:09:12 IST" skipped="0">
  <testcase classname="com.AddEmployeePhoto.AddEmployeePhoto" name="AddEmployee" time="16.819"/>
  <system-out/>
</testsuite> <!-- com.AddEmployeePhoto.AddEmployeePhoto -->
