<?xml version="1.0" encoding="UTF-8"?>
<!-- Generated by org.testng.reporters.JUnitReportReporter -->
<testsuite hostname="DESKTOP-U1KVMHE" failures="0" tests="1" name="com.Xpath.Youtube" time="0.643" errors="0" timestamp="2023-10-28T12:34:05 IST" skipped="0">
  <testcase classname="com.Xpath.Youtube" name="youtube" time="0.643"/>
  <system-out/>
</testsuite> <!-- com.Xpath.Youtube -->
