<?xml version="1.0" encoding="UTF-8"?>
<!-- Generated by org.testng.reporters.JUnitReportReporter -->
<testsuite hostname="DESKTOP-U1KVMHE" failures="0" tests="1" name="com.WebTable2.WebTable_FirstRowOFirstCell_GetCityName" time="0.065" errors="0" timestamp="2023-11-10T11:41:15 IST" skipped="0">
  <testcase classname="com.WebTable2.WebTable_FirstRowOFirstCell_GetCityName" name="getCityName" time="0.065"/>
  <system-out/>
</testsuite> <!-- com.WebTable2.WebTable_FirstRowOFirstCell_GetCityName -->
